app/build/intermediates/manifest_merge_blame_file/debug/manifest-merger-blame-debug-report.txt
1<?xml version="1.0" encoding="utf-8"?>
2<manifest xmlns:android="http://schemas.android.com/apk/res/android"
3    package="org.tensorflow.lite.examples.textclassification"
4    android:versionCode="1"
5    android:versionName="1.0" >
6
7    <uses-sdk
8        android:minSdkVersion="15"
8-->src\main\AndroidManifest.xml
9        android:targetSdkVersion="28" />
9-->src\main\AndroidManifest.xml
10
11    <application
11-->src\main\AndroidManifest.xml:5:3-21:17
12        android:allowBackup="true"
12-->src\main\AndroidManifest.xml:6:7-33
13        android:appComponentFactory="androidx.core.app.CoreComponentFactory"
13-->[androidx.core:core:1.1.0] AndroidManifest.xml:24:18-86
14        android:debuggable="true"
15        android:icon="@mipmap/ic_launcher"
15-->src\main\AndroidManifest.xml:7:7-41
16        android:label="@string/tfe_tc_app_name"
16-->src\main\AndroidManifest.xml:8:7-46
17        android:roundIcon="@mipmap/ic_launcher_round"
17-->src\main\AndroidManifest.xml:9:7-52
18        android:supportsRtl="true"
18-->src\main\AndroidManifest.xml:10:7-33
19        android:testOnly="true"
20        android:theme="@style/AppTheme.TextClassification" >
20-->src\main\AndroidManifest.xml:11:7-57
21        <activity
21-->src\main\AndroidManifest.xml:12:5-20:16
22            android:name="org.tensorflow.lite.examples.textclassification.MainActivity"
22-->src\main\AndroidManifest.xml:12:15-43
23            android:exported="true"
23-->src\main\AndroidManifest.xml:13:15-38
24            android:windowSoftInputMode="adjustResize" >
24-->src\main\AndroidManifest.xml:14:15-57
25            <intent-filter>
25-->src\main\AndroidManifest.xml:15:7-19:23
26                <action android:name="android.intent.action.MAIN" />
26-->src\main\AndroidManifest.xml:16:9-60
26-->src\main\AndroidManifest.xml:16:17-58
27
28                <category android:name="android.intent.category.LAUNCHER" />
28-->src\main\AndroidManifest.xml:18:9-68
28-->src\main\AndroidManifest.xml:18:19-66
29            </intent-filter>
30        </activity>
31    </application>
32
33</manifest>